rm -f *.class
rm -f *.jar
javac -classpath /opt/hadoop-2.9.0/etc/hadoop:/opt/hadoop-2.9.0/share/hadoop/common/lib/*:/opt/hadoop-2.9.0/share/hadoop/common/*:/opt/hadoop-2.9.0/share/hadoop/hdfs:/opt/hadoop-2.9.0/share/hadoop/hdfs/lib/*:/opt/hadoop-2.9.0/share/hadoop/hdfs/*:/opt/hadoop-2.9.0/share/hadoop/yarn:/opt/hadoop-2.9.0/share/hadoop/yarn/lib/*:/opt/hadoop-2.9.0/share/hadoop/yarn/*:/opt/hadoop-2.9.0/share/hadoop/mapreduce/lib/*:/opt/hadoop-2.9.0/share/hadoop/mapreduce/*:/opt/hadoop-2.9.0/contrib/capacity-scheduler/*.jar HadoopSort.java
jar cvf HadoopSort.jar *.class
added manifest
adding: HadoopSort$HadoopSortMapper.class(in = 1860) (out= 768)(deflated 58%)
adding: HadoopSort$HadoopSortReducer.class(in = 1532) (out= 634)(deflated 58%)
adding: HadoopSort.class(in = 2185) (out= 1186)(deflated 45%)
javac -classpath /opt/spark-2.3.0-bin-hadoop2.7/jars/spark-core_2.11-2.3.0.jar:/opt/spark-2.3.0-bin-hadoop2.7/jars/spark-sql_2.11-2.3.0.jar:/opt/spark-2.3.0-bin-hadoop2.7/jars/scala-compiler-2.11.8.jar:/opt/spark-2.3.0-bin-hadoop2.7/jars/scala-library-2.11.8.jar SparkSort.java
jar cvf SparkSort.jar SparkSort.class
added manifest
adding: SparkSort.class(in = 3197) (out= 1572)(deflated 50%)
18/05/02 00:16:53 INFO client.RMProxy: Connecting to ResourceManager at hadoop-a/192.168.2.54:8032
18/05/02 00:16:53 WARN mapreduce.JobResourceUploader: Hadoop command-line option parsing not performed. Implement the Tool interface and execute your application with ToolRunner to remedy this.
18/05/02 00:16:54 INFO input.FileInputFormat: Total input files to process : 1
18/05/02 00:16:54 INFO mapreduce.JobSubmitter: number of splits:298
18/05/02 00:16:54 INFO Configuration.deprecation: yarn.resourcemanager.system-metrics-publisher.enabled is deprecated. Instead, use yarn.system-metrics-publisher.enabled
18/05/02 00:16:54 INFO mapreduce.JobSubmitter: Submitting tokens for job: job_1524707840070_0557
18/05/02 00:16:54 INFO impl.YarnClientImpl: Submitted application application_1524707840070_0557
18/05/02 00:16:54 INFO mapreduce.Job: The url to track the job: http://hadoop-a:8088/proxy/application_1524707840070_0557/
18/05/02 00:16:54 INFO mapreduce.Job: Running job: job_1524707840070_0557
18/05/02 00:17:02 INFO mapreduce.Job: Job job_1524707840070_0557 running in uber mode : false
18/05/02 00:17:02 INFO mapreduce.Job:  map 0% reduce 0%
18/05/02 00:17:20 INFO mapreduce.Job:  map 2% reduce 0%
18/05/02 00:17:25 INFO mapreduce.Job:  map 5% reduce 0%
18/05/02 00:17:26 INFO mapreduce.Job:  map 6% reduce 0%
18/05/02 00:17:27 INFO mapreduce.Job:  map 7% reduce 0%
18/05/02 00:17:29 INFO mapreduce.Job:  map 9% reduce 0%
18/05/02 00:17:32 INFO mapreduce.Job:  map 10% reduce 0%
18/05/02 00:17:36 INFO mapreduce.Job:  map 11% reduce 0%
18/05/02 00:17:37 INFO mapreduce.Job:  map 12% reduce 0%
18/05/02 00:17:44 INFO mapreduce.Job:  map 13% reduce 0%
18/05/02 00:17:46 INFO mapreduce.Job:  map 14% reduce 0%
18/05/02 00:17:47 INFO mapreduce.Job:  map 15% reduce 0%
18/05/02 00:17:51 INFO mapreduce.Job:  map 16% reduce 0%
18/05/02 00:17:52 INFO mapreduce.Job:  map 17% reduce 0%
18/05/02 00:17:53 INFO mapreduce.Job:  map 18% reduce 0%
18/05/02 00:17:54 INFO mapreduce.Job:  map 19% reduce 0%
18/05/02 00:17:56 INFO mapreduce.Job:  map 21% reduce 2%
18/05/02 00:18:02 INFO mapreduce.Job:  map 21% reduce 3%
18/05/02 00:18:04 INFO mapreduce.Job:  map 22% reduce 3%
18/05/02 00:18:08 INFO mapreduce.Job:  map 22% reduce 4%
18/05/02 00:18:09 INFO mapreduce.Job:  map 24% reduce 4%
18/05/02 00:18:10 INFO mapreduce.Job:  map 25% reduce 4%
18/05/02 00:18:14 INFO mapreduce.Job:  map 26% reduce 4%
18/05/02 00:18:17 INFO mapreduce.Job:  map 27% reduce 4%
18/05/02 00:18:18 INFO mapreduce.Job:  map 28% reduce 4%
18/05/02 00:18:19 INFO mapreduce.Job:  map 29% reduce 4%
18/05/02 00:18:20 INFO mapreduce.Job:  map 29% reduce 5%
18/05/02 00:18:26 INFO mapreduce.Job:  map 30% reduce 5%
18/05/02 00:18:30 INFO mapreduce.Job:  map 31% reduce 5%
18/05/02 00:18:31 INFO mapreduce.Job:  map 32% reduce 5%
18/05/02 00:18:32 INFO mapreduce.Job:  map 34% reduce 6%
18/05/02 00:18:35 INFO mapreduce.Job:  map 35% reduce 6%
18/05/02 00:18:37 INFO mapreduce.Job:  map 36% reduce 6%
18/05/02 00:18:38 INFO mapreduce.Job:  map 36% reduce 7%
18/05/02 00:18:40 INFO mapreduce.Job:  map 37% reduce 7%
18/05/02 00:18:43 INFO mapreduce.Job:  map 38% reduce 7%
18/05/02 00:18:44 INFO mapreduce.Job:  map 38% reduce 8%
18/05/02 00:18:45 INFO mapreduce.Job:  map 39% reduce 8%
18/05/02 00:18:49 INFO mapreduce.Job:  map 40% reduce 8%
18/05/02 00:18:50 INFO mapreduce.Job:  map 40% reduce 9%
18/05/02 00:18:51 INFO mapreduce.Job:  map 41% reduce 9%
18/05/02 00:18:52 INFO mapreduce.Job:  map 42% reduce 9%
18/05/02 00:18:53 INFO mapreduce.Job:  map 44% reduce 9%
18/05/02 00:18:56 INFO mapreduce.Job:  map 44% reduce 10%
18/05/02 00:19:01 INFO mapreduce.Job:  map 45% reduce 10%
18/05/02 00:19:03 INFO mapreduce.Job:  map 45% reduce 11%
18/05/02 00:19:04 INFO mapreduce.Job:  map 46% reduce 11%
18/05/02 00:19:06 INFO mapreduce.Job:  map 47% reduce 11%
18/05/02 00:19:07 INFO mapreduce.Job:  map 48% reduce 11%
18/05/02 00:19:09 INFO mapreduce.Job:  map 50% reduce 12%
18/05/02 00:19:10 INFO mapreduce.Job:  map 51% reduce 12%
18/05/02 00:19:13 INFO mapreduce.Job:  map 52% reduce 12%
18/05/02 00:19:14 INFO mapreduce.Job:  map 53% reduce 12%
18/05/02 00:19:15 INFO mapreduce.Job:  map 53% reduce 14%
18/05/02 00:19:19 INFO mapreduce.Job:  map 54% reduce 14%
18/05/02 00:19:21 INFO mapreduce.Job:  map 54% reduce 15%
18/05/02 00:19:25 INFO mapreduce.Job:  map 55% reduce 15%
18/05/02 00:19:26 INFO mapreduce.Job:  map 56% reduce 15%
18/05/02 00:19:27 INFO mapreduce.Job:  map 57% reduce 16%
18/05/02 00:19:28 INFO mapreduce.Job:  map 58% reduce 16%
18/05/02 00:19:30 INFO mapreduce.Job:  map 59% reduce 16%
18/05/02 00:19:33 INFO mapreduce.Job:  map 60% reduce 17%
18/05/02 00:19:35 INFO mapreduce.Job:  map 62% reduce 17%
18/05/02 00:19:39 INFO mapreduce.Job:  map 62% reduce 18%
18/05/02 00:19:41 INFO mapreduce.Job:  map 63% reduce 18%
18/05/02 00:19:45 INFO mapreduce.Job:  map 64% reduce 19%
18/05/02 00:19:46 INFO mapreduce.Job:  map 65% reduce 19%
18/05/02 00:19:47 INFO mapreduce.Job:  map 66% reduce 19%
18/05/02 00:19:51 INFO mapreduce.Job:  map 67% reduce 20%
18/05/02 00:19:52 INFO mapreduce.Job:  map 68% reduce 20%
18/05/02 00:19:56 INFO mapreduce.Job:  map 69% reduce 20%
18/05/02 00:19:57 INFO mapreduce.Job:  map 71% reduce 20%
18/05/02 00:19:58 INFO mapreduce.Job:  map 71% reduce 21%
18/05/02 00:20:04 INFO mapreduce.Job:  map 71% reduce 23%
18/05/02 00:20:05 INFO mapreduce.Job:  map 73% reduce 23%
18/05/02 00:20:10 INFO mapreduce.Job:  map 74% reduce 23%
18/05/02 00:20:12 INFO mapreduce.Job:  map 75% reduce 23%
18/05/02 00:20:15 INFO mapreduce.Job:  map 76% reduce 23%
18/05/02 00:20:16 INFO mapreduce.Job:  map 77% reduce 24%
18/05/02 00:20:17 INFO mapreduce.Job:  map 78% reduce 24%
18/05/02 00:20:18 INFO mapreduce.Job:  map 79% reduce 24%
18/05/02 00:20:21 INFO mapreduce.Job:  map 80% reduce 24%
18/05/02 00:20:22 INFO mapreduce.Job:  map 81% reduce 25%
18/05/02 00:20:26 INFO mapreduce.Job:  map 82% reduce 25%
18/05/02 00:20:28 INFO mapreduce.Job:  map 83% reduce 27%
18/05/02 00:20:36 INFO mapreduce.Job:  map 84% reduce 27%
18/05/02 00:20:38 INFO mapreduce.Job:  map 86% reduce 27%
18/05/02 00:20:39 INFO mapreduce.Job:  map 87% reduce 27%
18/05/02 00:20:40 INFO mapreduce.Job:  map 88% reduce 27%
18/05/02 00:20:41 INFO mapreduce.Job:  map 88% reduce 28%
18/05/02 00:20:42 INFO mapreduce.Job:  map 89% reduce 28%
18/05/02 00:20:46 INFO mapreduce.Job:  map 89% reduce 29%
18/05/02 00:20:53 INFO mapreduce.Job:  map 89% reduce 30%
18/05/02 00:20:55 INFO mapreduce.Job:  map 90% reduce 30%
18/05/02 00:20:56 INFO mapreduce.Job:  map 91% reduce 30%
18/05/02 00:20:57 INFO mapreduce.Job:  map 92% reduce 30%
18/05/02 00:20:59 INFO mapreduce.Job:  map 93% reduce 30%
18/05/02 00:21:00 INFO mapreduce.Job:  map 94% reduce 30%
18/05/02 00:21:01 INFO mapreduce.Job:  map 95% reduce 30%
18/05/02 00:21:05 INFO mapreduce.Job:  map 95% reduce 31%
18/05/02 00:21:08 INFO mapreduce.Job:  map 96% reduce 31%
18/05/02 00:21:10 INFO mapreduce.Job:  map 97% reduce 31%
18/05/02 00:21:11 INFO mapreduce.Job:  map 98% reduce 32%
18/05/02 00:21:15 INFO mapreduce.Job:  map 99% reduce 32%
18/05/02 00:21:16 INFO mapreduce.Job:  map 100% reduce 32%
18/05/02 00:21:17 INFO mapreduce.Job:  map 100% reduce 33%
18/05/02 00:25:17 INFO mapreduce.Job:  map 100% reduce 34%
18/05/02 00:25:23 INFO mapreduce.Job:  map 100% reduce 35%
18/05/02 00:25:29 INFO mapreduce.Job:  map 100% reduce 36%
18/05/02 00:25:41 INFO mapreduce.Job:  map 100% reduce 37%
18/05/02 00:25:47 INFO mapreduce.Job:  map 100% reduce 38%
18/05/02 00:25:53 INFO mapreduce.Job:  map 100% reduce 39%
18/05/02 00:25:59 INFO mapreduce.Job:  map 100% reduce 40%
18/05/02 00:26:11 INFO mapreduce.Job:  map 100% reduce 41%
18/05/02 00:26:18 INFO mapreduce.Job:  map 100% reduce 42%
18/05/02 00:26:30 INFO mapreduce.Job:  map 100% reduce 43%
18/05/02 00:26:36 INFO mapreduce.Job:  map 100% reduce 44%
18/05/02 00:26:48 INFO mapreduce.Job:  map 100% reduce 45%
18/05/02 00:26:54 INFO mapreduce.Job:  map 100% reduce 46%
18/05/02 00:27:00 INFO mapreduce.Job:  map 100% reduce 47%
18/05/02 00:27:12 INFO mapreduce.Job:  map 100% reduce 48%
18/05/02 00:27:18 INFO mapreduce.Job:  map 100% reduce 49%
18/05/02 00:27:30 INFO mapreduce.Job:  map 100% reduce 50%
18/05/02 00:27:36 INFO mapreduce.Job:  map 100% reduce 51%
18/05/02 00:27:42 INFO mapreduce.Job:  map 100% reduce 52%
18/05/02 00:27:54 INFO mapreduce.Job:  map 100% reduce 53%
18/05/02 00:28:00 INFO mapreduce.Job:  map 100% reduce 54%
18/05/02 00:28:06 INFO mapreduce.Job:  map 100% reduce 55%
18/05/02 00:28:12 INFO mapreduce.Job:  map 100% reduce 56%
18/05/02 00:28:24 INFO mapreduce.Job:  map 100% reduce 57%
18/05/02 00:28:30 INFO mapreduce.Job:  map 100% reduce 58%
18/05/02 00:28:36 INFO mapreduce.Job:  map 100% reduce 59%
18/05/02 00:28:42 INFO mapreduce.Job:  map 100% reduce 60%
18/05/02 00:28:54 INFO mapreduce.Job:  map 100% reduce 62%
18/05/02 00:29:06 INFO mapreduce.Job:  map 100% reduce 63%
18/05/02 00:29:12 INFO mapreduce.Job:  map 100% reduce 64%
18/05/02 00:29:24 INFO mapreduce.Job:  map 100% reduce 66%
18/05/02 00:29:36 INFO mapreduce.Job:  map 100% reduce 67%
18/05/02 00:29:48 INFO mapreduce.Job:  map 100% reduce 68%
18/05/02 00:30:00 INFO mapreduce.Job:  map 100% reduce 69%
18/05/02 00:30:12 INFO mapreduce.Job:  map 100% reduce 70%
18/05/02 00:30:24 INFO mapreduce.Job:  map 100% reduce 71%
18/05/02 00:30:37 INFO mapreduce.Job:  map 100% reduce 72%
18/05/02 00:30:49 INFO mapreduce.Job:  map 100% reduce 73%
18/05/02 00:31:01 INFO mapreduce.Job:  map 100% reduce 74%
18/05/02 00:31:13 INFO mapreduce.Job:  map 100% reduce 75%
18/05/02 00:31:25 INFO mapreduce.Job:  map 100% reduce 76%
18/05/02 00:31:37 INFO mapreduce.Job:  map 100% reduce 77%
18/05/02 00:31:49 INFO mapreduce.Job:  map 100% reduce 78%
18/05/02 00:32:01 INFO mapreduce.Job:  map 100% reduce 79%
18/05/02 00:32:13 INFO mapreduce.Job:  map 100% reduce 80%
18/05/02 00:32:25 INFO mapreduce.Job:  map 100% reduce 81%
18/05/02 00:32:43 INFO mapreduce.Job:  map 100% reduce 82%
18/05/02 00:32:55 INFO mapreduce.Job:  map 100% reduce 83%
18/05/02 00:33:07 INFO mapreduce.Job:  map 100% reduce 84%
18/05/02 00:33:19 INFO mapreduce.Job:  map 100% reduce 85%
18/05/02 00:33:31 INFO mapreduce.Job:  map 100% reduce 86%
18/05/02 00:33:43 INFO mapreduce.Job:  map 100% reduce 87%
18/05/02 00:34:01 INFO mapreduce.Job:  map 100% reduce 88%
18/05/02 00:34:13 INFO mapreduce.Job:  map 100% reduce 89%
18/05/02 00:34:19 INFO mapreduce.Job:  map 100% reduce 90%
18/05/02 00:34:37 INFO mapreduce.Job:  map 100% reduce 91%
18/05/02 00:34:49 INFO mapreduce.Job:  map 100% reduce 92%
18/05/02 00:35:08 INFO mapreduce.Job:  map 100% reduce 93%
18/05/02 00:35:20 INFO mapreduce.Job:  map 100% reduce 94%
18/05/02 00:35:32 INFO mapreduce.Job:  map 100% reduce 95%
18/05/02 00:35:44 INFO mapreduce.Job:  map 100% reduce 96%
18/05/02 00:35:56 INFO mapreduce.Job:  map 100% reduce 97%
18/05/02 00:36:14 INFO mapreduce.Job:  map 100% reduce 98%
18/05/02 00:36:26 INFO mapreduce.Job:  map 100% reduce 99%
18/05/02 00:36:38 INFO mapreduce.Job:  map 100% reduce 100%
18/05/02 00:36:43 INFO mapreduce.Job: Job job_1524707840070_0557 completed successfully
18/05/02 00:36:43 INFO mapreduce.Job: Counters: 51
	File System Counters
		FILE: Number of bytes read=55859229858
		FILE: Number of bytes written=76319472504
		FILE: Number of read operations=0
		FILE: Number of large read operations=0
		FILE: Number of write operations=0
		HDFS: Number of bytes read=20001250484
		HDFS: Number of bytes written=20000000000
		HDFS: Number of read operations=897
		HDFS: Number of large read operations=0
		HDFS: Number of write operations=2
	Job Counters 
		Killed map tasks=1
		Launched map tasks=299
		Launched reduce tasks=1
		Data-local map tasks=273
		Rack-local map tasks=26
		Total time spent by all maps in occupied slots (ms)=6036630
		Total time spent by all reduces in occupied slots (ms)=1148612
		Total time spent by all map tasks (ms)=6036630
		Total time spent by all reduce tasks (ms)=1148612
		Total vcore-milliseconds taken by all map tasks=6036630
		Total vcore-milliseconds taken by all reduce tasks=1148612
		Total megabyte-milliseconds taken by all map tasks=6181509120
		Total megabyte-milliseconds taken by all reduce tasks=1176178688
	Map-Reduce Framework
		Map input records=200000000
		Map output records=200000000
		Map output bytes=20000000000
		Map output materialized bytes=20400001788
		Input split bytes=33972
		Combine input records=200000000
		Combine output records=200000000
		Reduce input groups=200000000
		Reduce shuffle bytes=20400001788
		Reduce input records=200000000
		Reduce output records=200000000
		Spilled Records=747639489
		Shuffled Maps =298
		Failed Shuffles=0
		Merged Map outputs=298
		GC time elapsed (ms)=91209
		CPU time spent (ms)=2857710
		Physical memory (bytes) snapshot=87304953856
		Virtual memory (bytes) snapshot=588935778304
		Total committed heap usage (bytes)=61020307456
	Shuffle Errors
		BAD_ID=0
		CONNECTION=0
		IO_ERROR=0
		WRONG_LENGTH=0
		WRONG_MAP=0
		WRONG_REDUCE=0
	File Input Format Counters 
		Bytes Read=20001216512
	File Output Format Counters 
		Bytes Written=20000000000
Total Elapsed Time 1191054ms for Hadoop execution.
18/05/02 00:36:45 INFO client.RMProxy: Connecting to ResourceManager at hadoop-a/192.168.2.54:8032
18/05/02 00:36:46 INFO input.FileInputFormat: Total input files to process : 1
Spent 74ms computing base-splits.
Spent 8ms computing TeraScheduler splits.
18/05/02 00:36:46 INFO mapreduce.JobSubmitter: number of splits:1
18/05/02 00:36:47 INFO Configuration.deprecation: yarn.resourcemanager.system-metrics-publisher.enabled is deprecated. Instead, use yarn.system-metrics-publisher.enabled
18/05/02 00:36:47 INFO mapreduce.JobSubmitter: Submitting tokens for job: job_1524707840070_0558
18/05/02 00:36:47 INFO impl.YarnClientImpl: Submitted application application_1524707840070_0558
18/05/02 00:36:47 INFO mapreduce.Job: The url to track the job: http://hadoop-a:8088/proxy/application_1524707840070_0558/
18/05/02 00:36:47 INFO mapreduce.Job: Running job: job_1524707840070_0558
18/05/02 00:36:55 INFO mapreduce.Job: Job job_1524707840070_0558 running in uber mode : false
18/05/02 00:36:55 INFO mapreduce.Job:  map 0% reduce 0%
18/05/02 00:37:12 INFO mapreduce.Job:  map 3% reduce 0%
18/05/02 00:37:19 INFO mapreduce.Job:  map 5% reduce 0%
18/05/02 00:37:25 INFO mapreduce.Job:  map 7% reduce 0%
18/05/02 00:37:31 INFO mapreduce.Job:  map 9% reduce 0%
18/05/02 00:37:37 INFO mapreduce.Job:  map 11% reduce 0%
18/05/02 00:37:43 INFO mapreduce.Job:  map 13% reduce 0%
18/05/02 00:37:49 INFO mapreduce.Job:  map 15% reduce 0%
18/05/02 00:37:55 INFO mapreduce.Job:  map 17% reduce 0%
18/05/02 00:38:01 INFO mapreduce.Job:  map 19% reduce 0%
18/05/02 00:38:07 INFO mapreduce.Job:  map 21% reduce 0%
18/05/02 00:38:13 INFO mapreduce.Job:  map 22% reduce 0%
18/05/02 00:38:19 INFO mapreduce.Job:  map 24% reduce 0%
18/05/02 00:38:25 INFO mapreduce.Job:  map 26% reduce 0%
18/05/02 00:38:31 INFO mapreduce.Job:  map 28% reduce 0%
18/05/02 00:38:37 INFO mapreduce.Job:  map 30% reduce 0%
18/05/02 00:38:43 INFO mapreduce.Job:  map 32% reduce 0%
18/05/02 00:38:50 INFO mapreduce.Job:  map 34% reduce 0%
18/05/02 00:38:56 INFO mapreduce.Job:  map 36% reduce 0%
18/05/02 00:39:02 INFO mapreduce.Job:  map 38% reduce 0%
18/05/02 00:39:08 INFO mapreduce.Job:  map 40% reduce 0%
18/05/02 00:39:14 INFO mapreduce.Job:  map 42% reduce 0%
18/05/02 00:39:20 INFO mapreduce.Job:  map 44% reduce 0%
18/05/02 00:39:26 INFO mapreduce.Job:  map 45% reduce 0%
18/05/02 00:39:32 INFO mapreduce.Job:  map 47% reduce 0%
18/05/02 00:39:38 INFO mapreduce.Job:  map 49% reduce 0%
18/05/02 00:39:44 INFO mapreduce.Job:  map 51% reduce 0%
18/05/02 00:39:50 INFO mapreduce.Job:  map 53% reduce 0%
18/05/02 00:39:56 INFO mapreduce.Job:  map 55% reduce 0%
18/05/02 00:40:02 INFO mapreduce.Job:  map 57% reduce 0%
18/05/02 00:40:08 INFO mapreduce.Job:  map 59% reduce 0%
18/05/02 00:40:15 INFO mapreduce.Job:  map 61% reduce 0%
18/05/02 00:40:21 INFO mapreduce.Job:  map 63% reduce 0%
18/05/02 00:40:27 INFO mapreduce.Job:  map 65% reduce 0%
18/05/02 00:40:32 INFO mapreduce.Job:  map 100% reduce 0%
18/05/02 00:40:38 INFO mapreduce.Job:  map 100% reduce 100%
18/05/02 00:40:39 INFO mapreduce.Job: Job job_1524707840070_0558 completed successfully
18/05/02 00:40:39 INFO mapreduce.Job: Counters: 49
	File System Counters
		FILE: Number of bytes read=95
		FILE: Number of bytes written=403667
		FILE: Number of read operations=0
		FILE: Number of large read operations=0
		FILE: Number of write operations=0
		HDFS: Number of bytes read=20000000125
		HDFS: Number of bytes written=25
		HDFS: Number of read operations=6
		HDFS: Number of large read operations=0
		HDFS: Number of write operations=2
	Job Counters 
		Launched map tasks=1
		Launched reduce tasks=1
		Rack-local map tasks=1
		Total time spent by all maps in occupied slots (ms)=214099
		Total time spent by all reduces in occupied slots (ms)=3865
		Total time spent by all map tasks (ms)=214099
		Total time spent by all reduce tasks (ms)=3865
		Total vcore-milliseconds taken by all map tasks=214099
		Total vcore-milliseconds taken by all reduce tasks=3865
		Total megabyte-milliseconds taken by all map tasks=219237376
		Total megabyte-milliseconds taken by all reduce tasks=3957760
	Map-Reduce Framework
		Map input records=200000000
		Map output records=3
		Map output bytes=83
		Map output materialized bytes=95
		Input split bytes=125
		Combine input records=0
		Combine output records=0
		Reduce input groups=3
		Reduce shuffle bytes=95
		Reduce input records=3
		Reduce output records=1
		Spilled Records=6
		Shuffled Maps =1
		Failed Shuffles=0
		Merged Map outputs=1
		GC time elapsed (ms)=2401
		CPU time spent (ms)=177700
		Physical memory (bytes) snapshot=568545280
		Virtual memory (bytes) snapshot=3996643328
		Total committed heap usage (bytes)=325058560
	Shuffle Errors
		BAD_ID=0
		CONNECTION=0
		IO_ERROR=0
		WRONG_LENGTH=0
		WRONG_MAP=0
		WRONG_REDUCE=0
	File Input Format Counters 
		Bytes Read=20000000000
	File Output Format Counters 
		Bytes Written=25
