rm -f *.class
rm -f *.jar
javac -classpath /opt/hadoop-2.9.0/etc/hadoop:/opt/hadoop-2.9.0/share/hadoop/common/lib/*:/opt/hadoop-2.9.0/share/hadoop/common/*:/opt/hadoop-2.9.0/share/hadoop/hdfs:/opt/hadoop-2.9.0/share/hadoop/hdfs/lib/*:/opt/hadoop-2.9.0/share/hadoop/hdfs/*:/opt/hadoop-2.9.0/share/hadoop/yarn:/opt/hadoop-2.9.0/share/hadoop/yarn/lib/*:/opt/hadoop-2.9.0/share/hadoop/yarn/*:/opt/hadoop-2.9.0/share/hadoop/mapreduce/lib/*:/opt/hadoop-2.9.0/share/hadoop/mapreduce/*:/opt/hadoop-2.9.0/contrib/capacity-scheduler/*.jar HadoopSort.java
jar cvf HadoopSort.jar *.class
added manifest
adding: HadoopSort$HadoopSortMapper.class(in = 1860) (out= 768)(deflated 58%)
adding: HadoopSort$HadoopSortReducer.class(in = 1532) (out= 634)(deflated 58%)
adding: HadoopSort.class(in = 2185) (out= 1186)(deflated 45%)
javac -classpath /opt/spark-2.3.0-bin-hadoop2.7/jars/spark-core_2.11-2.3.0.jar:/opt/spark-2.3.0-bin-hadoop2.7/jars/spark-sql_2.11-2.3.0.jar:/opt/spark-2.3.0-bin-hadoop2.7/jars/scala-compiler-2.11.8.jar:/opt/spark-2.3.0-bin-hadoop2.7/jars/scala-library-2.11.8.jar SparkSort.java
jar cvf SparkSort.jar SparkSort.class
added manifest
adding: SparkSort.class(in = 3197) (out= 1572)(deflated 50%)
18/05/02 03:36:10 INFO client.RMProxy: Connecting to ResourceManager at hadoop-d/192.168.2.62:8032
18/05/02 03:36:10 WARN mapreduce.JobResourceUploader: Hadoop command-line option parsing not performed. Implement the Tool interface and execute your application with ToolRunner to remedy this.
18/05/02 03:36:11 INFO input.FileInputFormat: Total input files to process : 1
18/05/02 03:36:11 INFO mapreduce.JobSubmitter: number of splits:1192
18/05/02 03:36:11 INFO Configuration.deprecation: yarn.resourcemanager.system-metrics-publisher.enabled is deprecated. Instead, use yarn.system-metrics-publisher.enabled
18/05/02 03:36:11 INFO mapreduce.JobSubmitter: Submitting tokens for job: job_1524709778346_0486
18/05/02 03:36:11 INFO impl.YarnClientImpl: Submitted application application_1524709778346_0486
18/05/02 03:36:11 INFO mapreduce.Job: The url to track the job: http://hadoop-d:8088/proxy/application_1524709778346_0486/
18/05/02 03:36:11 INFO mapreduce.Job: Running job: job_1524709778346_0486
18/05/02 03:36:20 INFO mapreduce.Job: Job job_1524709778346_0486 running in uber mode : false
18/05/02 03:36:20 INFO mapreduce.Job:  map 0% reduce 0%
18/05/02 03:36:44 INFO mapreduce.Job:  map 1% reduce 0%
18/05/02 03:36:45 INFO mapreduce.Job:  map 2% reduce 0%
18/05/02 03:36:47 INFO mapreduce.Job:  map 3% reduce 0%
18/05/02 03:37:09 INFO mapreduce.Job:  map 4% reduce 0%
18/05/02 03:37:10 INFO mapreduce.Job:  map 5% reduce 0%
18/05/02 03:37:21 INFO mapreduce.Job:  map 6% reduce 0%
18/05/02 03:37:33 INFO mapreduce.Job:  map 7% reduce 0%
18/05/02 03:37:36 INFO mapreduce.Job:  map 8% reduce 0%
18/05/02 03:37:38 INFO mapreduce.Job:  map 8% reduce 1%
18/05/02 03:37:50 INFO mapreduce.Job:  map 8% reduce 2%
18/05/02 03:37:56 INFO mapreduce.Job:  map 9% reduce 2%
18/05/02 03:38:00 INFO mapreduce.Job:  map 10% reduce 2%
18/05/02 03:38:14 INFO mapreduce.Job:  map 10% reduce 3%
18/05/02 03:38:15 INFO mapreduce.Job:  map 11% reduce 3%
18/05/02 03:38:24 INFO mapreduce.Job:  map 12% reduce 3%
18/05/02 03:38:33 INFO mapreduce.Job:  map 13% reduce 4%
18/05/02 03:38:42 INFO mapreduce.Job:  map 14% reduce 4%
18/05/02 03:38:51 INFO mapreduce.Job:  map 14% reduce 5%
18/05/02 03:38:53 INFO mapreduce.Job:  map 15% reduce 5%
18/05/02 03:39:03 INFO mapreduce.Job:  map 16% reduce 5%
18/05/02 03:39:14 INFO mapreduce.Job:  map 17% reduce 5%
18/05/02 03:39:21 INFO mapreduce.Job:  map 18% reduce 6%
18/05/02 03:39:35 INFO mapreduce.Job:  map 19% reduce 6%
18/05/02 03:39:39 INFO mapreduce.Job:  map 20% reduce 6%
18/05/02 03:39:48 INFO mapreduce.Job:  map 21% reduce 6%
18/05/02 03:39:52 INFO mapreduce.Job:  map 21% reduce 7%
18/05/02 03:40:01 INFO mapreduce.Job:  map 22% reduce 7%
18/05/02 03:40:08 INFO mapreduce.Job:  map 23% reduce 7%
18/05/02 03:40:15 INFO mapreduce.Job:  map 23% reduce 8%
18/05/02 03:40:18 INFO mapreduce.Job:  map 24% reduce 8%
18/05/02 03:40:27 INFO mapreduce.Job:  map 25% reduce 8%
18/05/02 03:40:37 INFO mapreduce.Job:  map 26% reduce 8%
18/05/02 03:40:40 INFO mapreduce.Job:  map 26% reduce 9%
18/05/02 03:40:48 INFO mapreduce.Job:  map 27% reduce 9%
18/05/02 03:40:56 INFO mapreduce.Job:  map 28% reduce 9%
18/05/02 03:41:01 INFO mapreduce.Job:  map 29% reduce 9%
18/05/02 03:41:10 INFO mapreduce.Job:  map 29% reduce 10%
18/05/02 03:41:13 INFO mapreduce.Job:  map 30% reduce 10%
18/05/02 03:41:23 INFO mapreduce.Job:  map 31% reduce 10%
18/05/02 03:41:33 INFO mapreduce.Job:  map 32% reduce 10%
18/05/02 03:41:39 INFO mapreduce.Job:  map 33% reduce 10%
18/05/02 03:41:40 INFO mapreduce.Job:  map 33% reduce 11%
18/05/02 03:41:53 INFO mapreduce.Job:  map 34% reduce 11%
18/05/02 03:41:55 INFO mapreduce.Job:  map 35% reduce 11%
18/05/02 03:42:04 INFO mapreduce.Job:  map 35% reduce 12%
18/05/02 03:42:10 INFO mapreduce.Job:  map 36% reduce 12%
18/05/02 03:42:18 INFO mapreduce.Job:  map 37% reduce 12%
18/05/02 03:42:25 INFO mapreduce.Job:  map 38% reduce 12%
18/05/02 03:42:28 INFO mapreduce.Job:  map 38% reduce 13%
18/05/02 03:42:35 INFO mapreduce.Job:  map 39% reduce 13%
18/05/02 03:42:46 INFO mapreduce.Job:  map 40% reduce 13%
18/05/02 03:42:55 INFO mapreduce.Job:  map 41% reduce 13%
18/05/02 03:43:01 INFO mapreduce.Job:  map 42% reduce 13%
18/05/02 03:43:05 INFO mapreduce.Job:  map 42% reduce 14%
18/05/02 03:43:12 INFO mapreduce.Job:  map 43% reduce 14%
18/05/02 03:43:24 INFO mapreduce.Job:  map 44% reduce 14%
18/05/02 03:43:28 INFO mapreduce.Job:  map 44% reduce 15%
18/05/02 03:43:32 INFO mapreduce.Job:  map 45% reduce 15%
18/05/02 03:43:43 INFO mapreduce.Job:  map 46% reduce 15%
18/05/02 03:43:47 INFO mapreduce.Job:  map 47% reduce 15%
18/05/02 03:43:59 INFO mapreduce.Job:  map 47% reduce 16%
18/05/02 03:44:07 INFO mapreduce.Job:  map 48% reduce 16%
18/05/02 03:44:11 INFO mapreduce.Job:  map 49% reduce 16%
18/05/02 03:44:27 INFO mapreduce.Job:  map 50% reduce 16%
18/05/02 03:44:32 INFO mapreduce.Job:  map 51% reduce 16%
18/05/02 03:44:36 INFO mapreduce.Job:  map 52% reduce 17%
18/05/02 03:44:54 INFO mapreduce.Job:  map 53% reduce 17%
18/05/02 03:44:58 INFO mapreduce.Job:  map 54% reduce 17%
18/05/02 03:44:59 INFO mapreduce.Job:  map 54% reduce 18%
18/05/02 03:45:15 INFO mapreduce.Job:  map 55% reduce 18%
18/05/02 03:45:21 INFO mapreduce.Job:  map 56% reduce 18%
18/05/02 03:45:26 INFO mapreduce.Job:  map 57% reduce 18%
18/05/02 03:45:29 INFO mapreduce.Job:  map 57% reduce 19%
18/05/02 03:45:42 INFO mapreduce.Job:  map 58% reduce 19%
18/05/02 03:45:49 INFO mapreduce.Job:  map 59% reduce 19%
18/05/02 03:46:00 INFO mapreduce.Job:  map 59% reduce 20%
18/05/02 03:46:02 INFO mapreduce.Job:  map 60% reduce 20%
18/05/02 03:46:11 INFO mapreduce.Job:  map 61% reduce 20%
18/05/02 03:46:20 INFO mapreduce.Job:  map 62% reduce 20%
18/05/02 03:46:27 INFO mapreduce.Job:  map 63% reduce 20%
18/05/02 03:46:30 INFO mapreduce.Job:  map 63% reduce 21%
18/05/02 03:46:40 INFO mapreduce.Job:  map 64% reduce 21%
18/05/02 03:46:46 INFO mapreduce.Job:  map 65% reduce 21%
18/05/02 03:46:54 INFO mapreduce.Job:  map 65% reduce 22%
18/05/02 03:47:00 INFO mapreduce.Job:  map 66% reduce 22%
18/05/02 03:47:07 INFO mapreduce.Job:  map 67% reduce 22%
18/05/02 03:47:13 INFO mapreduce.Job:  map 68% reduce 22%
18/05/02 03:47:23 INFO mapreduce.Job:  map 69% reduce 22%
18/05/02 03:47:25 INFO mapreduce.Job:  map 69% reduce 23%
18/05/02 03:47:36 INFO mapreduce.Job:  map 70% reduce 23%
18/05/02 03:47:40 INFO mapreduce.Job:  map 71% reduce 23%
18/05/02 03:47:52 INFO mapreduce.Job:  map 71% reduce 0%
18/05/02 03:48:17 INFO mapreduce.Job:  map 72% reduce 1%
18/05/02 03:48:28 INFO mapreduce.Job:  map 73% reduce 1%
18/05/02 03:48:35 INFO mapreduce.Job:  map 73% reduce 2%
18/05/02 03:48:44 INFO mapreduce.Job:  map 74% reduce 2%
18/05/02 03:48:47 INFO mapreduce.Job:  map 74% reduce 3%
18/05/02 03:49:02 INFO mapreduce.Job:  map 75% reduce 3%
18/05/02 03:49:05 INFO mapreduce.Job:  map 75% reduce 4%
18/05/02 03:49:09 INFO mapreduce.Job:  map 76% reduce 4%
18/05/02 03:49:17 INFO mapreduce.Job:  map 76% reduce 5%
18/05/02 03:49:23 INFO mapreduce.Job:  map 77% reduce 5%
18/05/02 03:49:36 INFO mapreduce.Job:  map 77% reduce 6%
18/05/02 03:49:38 INFO mapreduce.Job:  map 78% reduce 6%
18/05/02 03:49:48 INFO mapreduce.Job:  map 78% reduce 7%
18/05/02 03:49:55 INFO mapreduce.Job:  map 79% reduce 7%
18/05/02 03:50:06 INFO mapreduce.Job:  map 79% reduce 8%
18/05/02 03:50:11 INFO mapreduce.Job:  map 80% reduce 8%
18/05/02 03:50:18 INFO mapreduce.Job:  map 80% reduce 9%
18/05/02 03:50:22 INFO mapreduce.Job:  map 81% reduce 9%
18/05/02 03:50:37 INFO mapreduce.Job:  map 81% reduce 10%
18/05/02 03:50:41 INFO mapreduce.Job:  map 82% reduce 10%
18/05/02 03:50:54 INFO mapreduce.Job:  map 82% reduce 11%
18/05/02 03:50:57 INFO mapreduce.Job:  map 83% reduce 11%
18/05/02 03:51:13 INFO mapreduce.Job:  map 84% reduce 12%
18/05/02 03:51:30 INFO mapreduce.Job:  map 85% reduce 12%
18/05/02 03:51:31 INFO mapreduce.Job:  map 85% reduce 13%
18/05/02 03:51:41 INFO mapreduce.Job:  map 64% reduce 0%
18/05/02 03:52:00 INFO mapreduce.Job:  map 65% reduce 0%
18/05/02 03:52:17 INFO mapreduce.Job:  map 66% reduce 0%
18/05/02 03:52:33 INFO mapreduce.Job:  map 67% reduce 0%
18/05/02 03:52:51 INFO mapreduce.Job:  map 68% reduce 0%
18/05/02 03:53:09 INFO mapreduce.Job:  map 69% reduce 0%
18/05/02 03:53:25 INFO mapreduce.Job:  map 70% reduce 0%
18/05/02 03:53:42 INFO mapreduce.Job:  map 71% reduce 0%
18/05/02 03:54:00 INFO mapreduce.Job:  map 72% reduce 0%
18/05/02 03:54:17 INFO mapreduce.Job:  map 73% reduce 0%
18/05/02 03:54:33 INFO mapreduce.Job:  map 74% reduce 0%
18/05/02 03:54:53 INFO mapreduce.Job:  map 75% reduce 0%
18/05/02 03:55:09 INFO mapreduce.Job:  map 76% reduce 0%
18/05/02 03:55:23 INFO mapreduce.Job:  map 77% reduce 0%
18/05/02 03:55:41 INFO mapreduce.Job:  map 78% reduce 0%
18/05/02 03:56:02 INFO mapreduce.Job:  map 79% reduce 0%
18/05/02 03:56:19 INFO mapreduce.Job:  map 80% reduce 0%
18/05/02 03:56:33 INFO mapreduce.Job:  map 81% reduce 0%
18/05/02 03:56:56 INFO mapreduce.Job:  map 82% reduce 0%
18/05/02 03:57:16 INFO mapreduce.Job:  map 83% reduce 0%
18/05/02 03:57:28 INFO mapreduce.Job:  map 84% reduce 0%
18/05/02 03:57:47 INFO mapreduce.Job:  map 85% reduce 0%
18/05/02 03:58:07 INFO mapreduce.Job:  map 86% reduce 0%
18/05/02 03:58:24 INFO mapreduce.Job:  map 87% reduce 0%
18/05/02 03:58:28 INFO mapreduce.Job:  map 87% reduce 1%
18/05/02 03:58:44 INFO mapreduce.Job:  map 88% reduce 1%
18/05/02 03:58:47 INFO mapreduce.Job:  map 88% reduce 2%
18/05/02 03:58:59 INFO mapreduce.Job:  map 88% reduce 3%
18/05/02 03:59:09 INFO mapreduce.Job:  map 89% reduce 3%
18/05/02 03:59:18 INFO mapreduce.Job:  map 89% reduce 4%
18/05/02 03:59:33 INFO mapreduce.Job:  map 90% reduce 4%
18/05/02 03:59:35 INFO mapreduce.Job:  map 90% reduce 5%
18/05/02 03:59:53 INFO mapreduce.Job:  map 90% reduce 6%
18/05/02 03:59:54 INFO mapreduce.Job:  map 91% reduce 6%
18/05/02 04:00:12 INFO mapreduce.Job:  map 91% reduce 7%
18/05/02 04:00:16 INFO mapreduce.Job:  map 92% reduce 7%
18/05/02 04:00:30 INFO mapreduce.Job:  map 92% reduce 8%
18/05/02 04:00:35 INFO mapreduce.Job:  map 93% reduce 8%
18/05/02 04:00:48 INFO mapreduce.Job:  map 93% reduce 9%
18/05/02 04:00:49 INFO mapreduce.Job:  map 93% reduce 10%
18/05/02 04:00:51 INFO mapreduce.Job:  map 93% reduce 11%
18/05/02 04:00:53 INFO mapreduce.Job:  map 94% reduce 11%
18/05/02 04:00:55 INFO mapreduce.Job:  map 95% reduce 11%
18/05/02 04:00:59 INFO mapreduce.Job:  map 96% reduce 11%
18/05/02 04:01:06 INFO mapreduce.Job:  map 97% reduce 11%
18/05/02 04:01:09 INFO mapreduce.Job:  map 98% reduce 11%
18/05/02 04:01:15 INFO mapreduce.Job:  map 99% reduce 11%
18/05/02 04:01:21 INFO mapreduce.Job:  map 100% reduce 11%
18/05/02 04:01:37 INFO mapreduce.Job:  map 100% reduce 12%
18/05/02 04:02:13 INFO mapreduce.Job:  map 100% reduce 13%
18/05/02 04:02:25 INFO mapreduce.Job:  map 100% reduce 14%
18/05/02 04:02:41 INFO mapreduce.Job:  map 100% reduce 15%
18/05/02 04:03:17 INFO mapreduce.Job:  map 100% reduce 16%
18/05/02 04:03:26 INFO mapreduce.Job:  map 100% reduce 17%
18/05/02 04:03:44 INFO mapreduce.Job:  map 100% reduce 18%
18/05/02 04:04:19 INFO mapreduce.Job:  map 100% reduce 19%
18/05/02 04:04:56 INFO mapreduce.Job:  map 100% reduce 20%
18/05/02 04:05:32 INFO mapreduce.Job:  map 100% reduce 21%
18/05/02 04:06:07 INFO mapreduce.Job:  map 100% reduce 22%
18/05/02 04:06:47 INFO mapreduce.Job:  map 100% reduce 23%
18/05/02 04:07:24 INFO mapreduce.Job:  map 100% reduce 24%
18/05/02 04:08:00 INFO mapreduce.Job:  map 100% reduce 25%
18/05/02 04:08:36 INFO mapreduce.Job:  map 100% reduce 26%
18/05/02 04:09:12 INFO mapreduce.Job:  map 100% reduce 27%
18/05/02 04:09:48 INFO mapreduce.Job:  map 100% reduce 28%
18/05/02 04:10:23 INFO mapreduce.Job:  map 100% reduce 29%
18/05/02 04:11:02 INFO mapreduce.Job:  map 100% reduce 30%
18/05/02 04:11:38 INFO mapreduce.Job:  map 100% reduce 31%
18/05/02 04:12:13 INFO mapreduce.Job:  map 100% reduce 32%
18/05/02 04:13:24 INFO mapreduce.Job:  map 100% reduce 33%
18/05/02 04:13:57 INFO mapreduce.Job:  map 100% reduce 34%
18/05/02 04:14:03 INFO mapreduce.Job:  map 100% reduce 35%
18/05/02 04:14:32 INFO mapreduce.Job:  map 100% reduce 36%
18/05/02 04:14:39 INFO mapreduce.Job:  map 100% reduce 37%
18/05/02 04:15:09 INFO mapreduce.Job:  map 100% reduce 38%
18/05/02 04:15:45 INFO mapreduce.Job:  map 100% reduce 39%
18/05/02 04:15:51 INFO mapreduce.Job:  map 100% reduce 40%
18/05/02 04:16:21 INFO mapreduce.Job:  map 100% reduce 41%
18/05/02 04:16:57 INFO mapreduce.Job:  map 100% reduce 42%
18/05/02 04:17:03 INFO mapreduce.Job:  map 100% reduce 43%
18/05/02 04:17:33 INFO mapreduce.Job:  map 100% reduce 44%
18/05/02 04:17:37 INFO mapreduce.Job:  map 100% reduce 45%
18/05/02 04:17:54 INFO mapreduce.Job:  map 100% reduce 46%
18/05/02 04:18:09 INFO mapreduce.Job:  map 100% reduce 47%
18/05/02 04:18:13 INFO mapreduce.Job:  map 100% reduce 48%
18/05/02 04:18:30 INFO mapreduce.Job:  map 100% reduce 49%
18/05/02 04:18:45 INFO mapreduce.Job:  map 100% reduce 50%
18/05/02 04:18:51 INFO mapreduce.Job:  map 100% reduce 51%
18/05/02 04:18:06 INFO mapreduce.Job:  map 100% reduce 52%
18/05/02 04:18:21 INFO mapreduce.Job:  map 100% reduce 53%
18/05/02 04:18:27 INFO mapreduce.Job:  map 100% reduce 54%
18/05/02 04:18:43 INFO mapreduce.Job:  map 100% reduce 55%
18/05/02 04:18:57 INFO mapreduce.Job:  map 100% reduce 56%
18/05/02 04:18:04 INFO mapreduce.Job:  map 100% reduce 57%
18/05/02 04:18:19 INFO mapreduce.Job:  map 100% reduce 58%
18/05/02 04:18:33 INFO mapreduce.Job:  map 100% reduce 59%
18/05/02 04:18:40 INFO mapreduce.Job:  map 100% reduce 60%
18/05/02 04:19:09 INFO mapreduce.Job:  map 100% reduce 62%
18/05/02 04:19:15 INFO mapreduce.Job:  map 100% reduce 63%
18/05/02 04:19:45 INFO mapreduce.Job:  map 100% reduce 65%
18/05/02 04:19:51 INFO mapreduce.Job:  map 100% reduce 66%
18/05/02 04:20:21 INFO mapreduce.Job:  map 100% reduce 68%
18/05/02 04:20:27 INFO mapreduce.Job:  map 100% reduce 69%
18/05/02 04:20:43 INFO mapreduce.Job:  map 100% reduce 70%
18/05/02 04:20:57 INFO mapreduce.Job:  map 100% reduce 71%
18/05/02 04:21:01 INFO mapreduce.Job:  map 100% reduce 72%
18/05/02 04:21:03 INFO mapreduce.Job:  map 100% reduce 73%
18/05/02 04:21:34 INFO mapreduce.Job:  map 100% reduce 75%
18/05/02 04:21:40 INFO mapreduce.Job:  map 100% reduce 76%
18/05/02 04:21:55 INFO mapreduce.Job:  map 100% reduce 77%
18/05/02 04:22:13 INFO mapreduce.Job:  map 100% reduce 78%
18/05/02 04:22:15 INFO mapreduce.Job:  map 100% reduce 79%
18/05/02 04:22:30 INFO mapreduce.Job:  map 100% reduce 80%
18/05/02 04:22:49 INFO mapreduce.Job:  map 100% reduce 81%
18/05/02 04:22:52 INFO mapreduce.Job:  map 100% reduce 82%
18/05/02 04:23:07 INFO mapreduce.Job:  map 100% reduce 83%
18/05/02 04:23:28 INFO mapreduce.Job:  map 100% reduce 84%
18/05/02 04:23:43 INFO mapreduce.Job:  map 100% reduce 85%
18/05/02 04:24:01 INFO mapreduce.Job:  map 100% reduce 86%
18/05/02 04:24:04 INFO mapreduce.Job:  map 100% reduce 87%
18/05/02 04:24:19 INFO mapreduce.Job:  map 100% reduce 88%
18/05/02 04:24:38 INFO mapreduce.Job:  map 100% reduce 89%
18/05/02 04:24:40 INFO mapreduce.Job:  map 100% reduce 90%
18/05/02 04:25:14 INFO mapreduce.Job:  map 100% reduce 91%
18/05/02 04:25:32 INFO mapreduce.Job:  map 100% reduce 92%
18/05/02 04:25:49 INFO mapreduce.Job:  map 100% reduce 93%
18/05/02 04:26:26 INFO mapreduce.Job:  map 100% reduce 94%
18/05/02 04:26:44 INFO mapreduce.Job:  map 100% reduce 95%
18/05/02 04:27:02 INFO mapreduce.Job:  map 100% reduce 96%
18/05/02 04:27:19 INFO mapreduce.Job:  map 100% reduce 97%
18/05/02 04:27:55 INFO mapreduce.Job:  map 100% reduce 98%
18/05/02 04:28:14 INFO mapreduce.Job:  map 100% reduce 99%
18/05/02 04:28:31 INFO mapreduce.Job:  map 100% reduce 100%
18/05/01 04:28:35 INFO mapreduce.Job: Counters: 52
	File System Counters
		FILE: Number of bytes read=30621443995
		FILE: Number of bytes written=50867856584
		FILE: Number of read operations=0
		FILE: Number of large read operations=0
		FILE: Number of write operations=0
		HDFS: Number of bytes read=80004993040
		HDFS: Number of bytes written=80000000000
		HDFS: Number of read operations=1806
		HDFS: Number of large read operations=0
		HDFS: Number of write operations=8
	Job Counters 
		Killed map tasks=2
		Killed reduce tasks=1
		Launched map tasks=1220
		Launched reduce tasks=5
		Data-local map tasks=400
		Rack-local map tasks=82
		Total time spent by all maps in occupied slots (ms)=28766300
		Total time spent by all reduces in occupied slots (ms)=13044850
		Total time spent by all map tasks (ms)=28766300
		Total time spent by all reduce tasks (ms)=13044850
		Total vcore-milliseconds taken by all map tasks=28766300
		Total vcore-milliseconds taken by all reduce tasks=13044850
		Total megabyte-milliseconds taken by all map tasks=29456691200
		Total megabyte-milliseconds taken by all reduce tasks=13357926400
	Map-Reduce Framework
		Map input records=800000000
		Map output records=800000000
		Map output bytes=80000000000
		Map output materialized bytes=22213722830
		Input split bytes=118800
		Combine input records=0
		Combine output records=0
		Reduce input groups=800000000
		Reduce shuffle bytes=22213722830
		Reduce input records=800000000
		Reduce output records=800000000
		Spilled Records=2077839250
		Shuffled Maps =4800
		Failed Shuffles=0
		Merged Map outputs=4800
		GC time elapsed (ms)=631070
		CPU time spent (ms)=23099200
		Physical memory (bytes) snapshot=363562270720
		Virtual memory (bytes) snapshot=2442337075200
		Total committed heap usage (bytes)=250803650560
	Shuffle Errors
		BAD_ID=0
		CONNECTION=0
		IO_ERROR=0
		WRONG_LENGTH=0
		WRONG_MAP=0
		WRONG_REDUCE=0
	File Input Format Counters 
		Bytes Read=8003567924
	File Output Format Counters 
		Bytes Written=80000000000
Total Elapsed Time 3378124ms for Hadoop execution.
18/05/02 04:14:45 INFO client.RMProxy: Connecting to ResourceManager at hadoop-g/192.168.2.34:8032
18/05/02 04:14:46 INFO input.FileInputFormat: Total input files to process : 4
Spent 71ms computing base-splits.
Spent 9ms computing TeraScheduler splits.
18/05/02 04:14:46 INFO mapreduce.JobSubmitter: number of splits:4
18/05/02 04:14:46 INFO Configuration.deprecation: yarn.resourcemanager.system-metrics-publisher.enabled is deprecated. Instead, use yarn.system-metrics-publisher.enabled
18/05/02 04:14:47 INFO mapreduce.JobSubmitter: Submitting tokens for job: job_1524709778346_0486
18/05/02 04:14:47 INFO impl.YarnClientImpl: Submitted application application_1524709778346_0486
18/05/02 04:14:47 INFO mapreduce.Job: The url to track the job: http://hadoop-g:8088/proxy/application_1524709778346_0486/
18/05/02 04:14:47 INFO mapreduce.Job: Running job: job_1524709778346_0486
18/05/02 04:14:55 INFO mapreduce.Job: Job job_1524709778346_0486 running in uber mode : false
18/05/02 04:14:55 INFO mapreduce.Job:  map 0% reduce 0%
18/05/02 04:15:12 INFO mapreduce.Job:  map 4% reduce 0%
18/05/02 04:15:13 INFO mapreduce.Job:  map 7% reduce 0%
18/05/02 04:15:14 INFO mapreduce.Job:  map 15% reduce 0%
18/05/02 04:15:18 INFO mapreduce.Job:  map 19% reduce 0%
18/05/02 04:15:20 INFO mapreduce.Job:  map 23% reduce 0%
18/05/02 04:15:24 INFO mapreduce.Job:  map 27% reduce 0%
18/05/02 04:15:26 INFO mapreduce.Job:  map 31% reduce 0%
18/05/02 04:15:30 INFO mapreduce.Job:  map 35% reduce 0%
18/05/02 04:15:32 INFO mapreduce.Job:  map 39% reduce 0%
18/05/02 04:15:36 INFO mapreduce.Job:  map 43% reduce 0%
18/05/02 04:15:38 INFO mapreduce.Job:  map 47% reduce 0%
18/05/02 04:15:42 INFO mapreduce.Job:  map 51% reduce 0%
18/05/02 04:15:44 INFO mapreduce.Job:  map 55% reduce 0%
18/05/02 04:15:48 INFO mapreduce.Job:  map 59% reduce 0%
18/05/02 04:15:49 INFO mapreduce.Job:  map 72% reduce 0%
18/05/02 04:15:50 INFO mapreduce.Job:  map 81% reduce 0%
18/05/02 04:15:52 INFO mapreduce.Job:  map 90% reduce 0%
18/05/02 04:15:55 INFO mapreduce.Job:  map 100% reduce 0%
18/05/02 04:15:56 INFO mapreduce.Job:  map 100% reduce 100%
18/05/02 04:15:57 INFO mapreduce.Job: Job job_1524709778346_0486 completed successfully
18/05/02 04:15:58 INFO mapreduce.Job: Counters: 50
	File System Counters
		FILE: Number of bytes read=348
		FILE: Number of bytes written=10097850
		FILE: Number of read operations=0
		FILE: Number of large read operations=0
		FILE: Number of write operations=0
		HDFS: Number of bytes read=8003567924
		HDFS: Number of bytes written=4510
		HDFS: Number of read operations=25
		HDFS: Number of large read operations=0
		HDFS: Number of write operations=2
	Job Counters 
		Launched map tasks=4
		Launched reduce tasks=1
		Data-local map tasks=3
		Rack-local map tasks=1
		Total time spent by all maps in occupied slots (ms)=2202010
		Total time spent by all reduces in occupied slots (ms)=53750
		Total time spent by all map tasks (ms)=2202010
		Total time spent by all reduce tasks (ms)=53750
		Total vcore-milliseconds taken by all map tasks=2202010
		Total vcore-milliseconds taken by all reduce tasks=53750
		Total megabyte-milliseconds taken by all map tasks=2254858240
		Total megabyte-milliseconds taken by all reduce tasks=55040000
	Map-Reduce Framework
		Map input records=800000000
		Map output records=48
		Map output bytes=1264
		Map output materialized bytes=1268
		Input split bytes=5200
		Combine input records=0
		Combine output records=0
		Reduce input groups=9
		Reduce shuffle bytes=3640
		Reduce input records=120
		Reduce output records=4
		Spilled Records=240
		Shuffled Maps =4
		Failed Shuffles=0
		Merged Map outputs=4
		GC time elapsed (ms)=32270
		CPU time spent (ms)=2026000
		Physical memory (bytes) snapshot=13927669760
		Virtual memory (bytes) snapshot=98680913920
		Total committed heap usage (bytes)=9531555840
	Shuffle Errors
		BAD_ID=0
		CONNECTION=0
		IO_ERROR=0
		WRONG_LENGTH=0
		WRONG_MAP=0
		WRONG_REDUCE=0
	File Input Format Counters 
		Bytes Read=80000000000
	File Output Format Counters 
		Bytes Written=25		